{"C:\\Users\\diogo\\Downloads\\desafio-lanchonete-2023\\src\\caixa-da-lanchonete.js": {"path":"C:\\Users\\diogo\\Downloads\\desafio-lanchonete-2023\\src\\caixa-da-lanchonete.js","all":false,"statementMap":{"0":{"start":{"line":1,"column":0},"end":{"line":1,"column":0}},"1":{"start":{"line":2,"column":0},"end":{"line":2,"column":0}},"2":{"start":{"line":3,"column":0},"end":{"line":3,"column":25}},"3":{"start":{"line":4,"column":0},"end":{"line":4,"column":0}},"4":{"start":{"line":5,"column":0},"end":{"line":5,"column":53}},"5":{"start":{"line":6,"column":0},"end":{"line":6,"column":29}},"6":{"start":{"line":7,"column":0},"end":{"line":7,"column":33}},"7":{"start":{"line":8,"column":0},"end":{"line":8,"column":31}},"8":{"start":{"line":9,"column":0},"end":{"line":9,"column":25}},"9":{"start":{"line":10,"column":0},"end":{"line":10,"column":30}},"10":{"start":{"line":11,"column":0},"end":{"line":11,"column":31}},"11":{"start":{"line":12,"column":0},"end":{"line":12,"column":57}},"12":{"start":{"line":13,"column":0},"end":{"line":13,"column":9}},"13":{"start":{"line":14,"column":0},"end":{"line":14,"column":132}},"14":{"start":{"line":15,"column":0},"end":{"line":15,"column":50}},"15":{"start":{"line":16,"column":0},"end":{"line":16,"column":9}},"16":{"start":{"line":17,"column":0},"end":{"line":17,"column":45}},"17":{"start":{"line":18,"column":0},"end":{"line":18,"column":34}},"18":{"start":{"line":19,"column":0},"end":{"line":19,"column":42}},"19":{"start":{"line":20,"column":0},"end":{"line":20,"column":34}},"20":{"start":{"line":21,"column":0},"end":{"line":21,"column":46}},"21":{"start":{"line":22,"column":0},"end":{"line":22,"column":34}},"22":{"start":{"line":23,"column":0},"end":{"line":23,"column":46}},"23":{"start":{"line":24,"column":0},"end":{"line":24,"column":13}},"24":{"start":{"line":25,"column":0},"end":{"line":25,"column":200}},"25":{"start":{"line":26,"column":0},"end":{"line":26,"column":40}},"26":{"start":{"line":27,"column":0},"end":{"line":27,"column":13}},"27":{"start":{"line":28,"column":0},"end":{"line":28,"column":70}},"28":{"start":{"line":29,"column":0},"end":{"line":29,"column":42}},"29":{"start":{"line":30,"column":0},"end":{"line":30,"column":39}},"30":{"start":{"line":31,"column":0},"end":{"line":31,"column":34}},"31":{"start":{"line":32,"column":0},"end":{"line":32,"column":36}},"32":{"start":{"line":33,"column":0},"end":{"line":33,"column":26}},"33":{"start":{"line":34,"column":0},"end":{"line":34,"column":38}},"34":{"start":{"line":35,"column":0},"end":{"line":35,"column":32}},"35":{"start":{"line":36,"column":0},"end":{"line":36,"column":41}},"36":{"start":{"line":37,"column":0},"end":{"line":37,"column":31}},"37":{"start":{"line":38,"column":0},"end":{"line":38,"column":13}},"38":{"start":{"line":39,"column":0},"end":{"line":39,"column":0}},"39":{"start":{"line":40,"column":0},"end":{"line":40,"column":9}},"40":{"start":{"line":41,"column":0},"end":{"line":41,"column":35}},"41":{"start":{"line":42,"column":0},"end":{"line":42,"column":68}},"42":{"start":{"line":43,"column":0},"end":{"line":43,"column":9}},"43":{"start":{"line":44,"column":0},"end":{"line":44,"column":38}},"44":{"start":{"line":45,"column":0},"end":{"line":45,"column":68}},"45":{"start":{"line":46,"column":0},"end":{"line":46,"column":9}},"46":{"start":{"line":47,"column":0},"end":{"line":47,"column":0}},"47":{"start":{"line":48,"column":0},"end":{"line":48,"column":44}},"48":{"start":{"line":49,"column":0},"end":{"line":49,"column":47}},"49":{"start":{"line":50,"column":0},"end":{"line":50,"column":9}},"50":{"start":{"line":51,"column":0},"end":{"line":51,"column":43}},"51":{"start":{"line":52,"column":0},"end":{"line":52,"column":47}},"52":{"start":{"line":53,"column":0},"end":{"line":53,"column":9}},"53":{"start":{"line":54,"column":0},"end":{"line":54,"column":102}},"54":{"start":{"line":55,"column":0},"end":{"line":55,"column":47}},"55":{"start":{"line":56,"column":0},"end":{"line":56,"column":53}},"56":{"start":{"line":57,"column":0},"end":{"line":57,"column":0}},"57":{"start":{"line":58,"column":0},"end":{"line":58,"column":0}},"58":{"start":{"line":59,"column":0},"end":{"line":59,"column":5}},"59":{"start":{"line":60,"column":0},"end":{"line":60,"column":0}},"60":{"start":{"line":61,"column":0},"end":{"line":61,"column":35}},"61":{"start":{"line":62,"column":0},"end":{"line":62,"column":21}},"62":{"start":{"line":63,"column":0},"end":{"line":63,"column":24}},"63":{"start":{"line":64,"column":0},"end":{"line":64,"column":38}},"64":{"start":{"line":65,"column":0},"end":{"line":65,"column":28}},"65":{"start":{"line":66,"column":0},"end":{"line":66,"column":40}},"66":{"start":{"line":67,"column":0},"end":{"line":67,"column":24}},"67":{"start":{"line":68,"column":0},"end":{"line":68,"column":40}},"68":{"start":{"line":69,"column":0},"end":{"line":69,"column":29}},"69":{"start":{"line":70,"column":0},"end":{"line":70,"column":40}},"70":{"start":{"line":71,"column":0},"end":{"line":71,"column":26}},"71":{"start":{"line":72,"column":0},"end":{"line":72,"column":38}},"72":{"start":{"line":73,"column":0},"end":{"line":73,"column":27}},"73":{"start":{"line":74,"column":0},"end":{"line":74,"column":41}},"74":{"start":{"line":75,"column":0},"end":{"line":75,"column":26}},"75":{"start":{"line":76,"column":0},"end":{"line":76,"column":40}},"76":{"start":{"line":77,"column":0},"end":{"line":77,"column":26}},"77":{"start":{"line":78,"column":0},"end":{"line":78,"column":40}},"78":{"start":{"line":79,"column":0},"end":{"line":79,"column":5}},"79":{"start":{"line":80,"column":0},"end":{"line":80,"column":5}},"80":{"start":{"line":81,"column":0},"end":{"line":81,"column":0}},"81":{"start":{"line":82,"column":0},"end":{"line":82,"column":0}},"82":{"start":{"line":83,"column":0},"end":{"line":83,"column":1}},"83":{"start":{"line":84,"column":0},"end":{"line":84,"column":0}},"84":{"start":{"line":85,"column":0},"end":{"line":85,"column":29}}},"s":{"0":1,"1":1,"2":1,"3":1,"4":1,"5":19,"6":19,"7":19,"8":19,"9":19,"10":19,"11":3,"12":3,"13":19,"14":1,"15":1,"16":19,"17":27,"18":27,"19":27,"20":27,"21":27,"22":1,"23":1,"24":27,"25":2,"26":2,"27":24,"28":24,"29":27,"30":2,"31":27,"32":9,"33":27,"34":7,"35":27,"36":6,"37":6,"38":27,"39":27,"40":19,"41":2,"42":2,"43":19,"44":2,"45":2,"46":8,"47":19,"48":2,"49":2,"50":19,"51":3,"52":3,"53":8,"54":8,"55":8,"56":8,"57":8,"58":8,"59":1,"60":1,"61":24,"62":24,"63":9,"64":24,"65":2,"66":24,"67":0,"68":24,"69":6,"70":24,"71":7,"72":24,"73":0,"74":24,"75":0,"76":24,"77":0,"78":24,"79":24,"80":1,"81":1,"82":1,"83":1,"84":1},"branchMap":{"0":{"type":"branch","line":5,"loc":{"start":{"line":5,"column":4},"end":{"line":59,"column":5}},"locations":[{"start":{"line":5,"column":4},"end":{"line":59,"column":5}}]},"1":{"type":"branch","line":11,"loc":{"start":{"line":11,"column":30},"end":{"line":13,"column":9}},"locations":[{"start":{"line":11,"column":30},"end":{"line":13,"column":9}}]},"2":{"type":"branch","line":13,"loc":{"start":{"line":13,"column":8},"end":{"line":14,"column":130}},"locations":[{"start":{"line":13,"column":8},"end":{"line":14,"column":130}}]},"3":{"type":"branch","line":14,"loc":{"start":{"line":14,"column":64},"end":{"line":14,"column":96}},"locations":[{"start":{"line":14,"column":64},"end":{"line":14,"column":96}}]},"4":{"type":"branch","line":14,"loc":{"start":{"line":14,"column":96},"end":{"line":14,"column":130}},"locations":[{"start":{"line":14,"column":96},"end":{"line":14,"column":130}}]},"5":{"type":"branch","line":14,"loc":{"start":{"line":14,"column":131},"end":{"line":16,"column":9}},"locations":[{"start":{"line":14,"column":131},"end":{"line":16,"column":9}}]},"6":{"type":"branch","line":16,"loc":{"start":{"line":16,"column":8},"end":{"line":17,"column":44}},"locations":[{"start":{"line":16,"column":8},"end":{"line":17,"column":44}}]},"7":{"type":"branch","line":17,"loc":{"start":{"line":17,"column":44},"end":{"line":40,"column":9}},"locations":[{"start":{"line":17,"column":44},"end":{"line":40,"column":9}}]},"8":{"type":"branch","line":22,"loc":{"start":{"line":22,"column":33},"end":{"line":24,"column":13}},"locations":[{"start":{"line":22,"column":33},"end":{"line":24,"column":13}}]},"9":{"type":"branch","line":24,"loc":{"start":{"line":24,"column":12},"end":{"line":25,"column":37}},"locations":[{"start":{"line":24,"column":12},"end":{"line":25,"column":37}}]},"10":{"type":"branch","line":25,"loc":{"start":{"line":25,"column":33},"end":{"line":25,"column":58}},"locations":[{"start":{"line":25,"column":33},"end":{"line":25,"column":58}}]},"11":{"type":"branch","line":25,"loc":{"start":{"line":25,"column":58},"end":{"line":25,"column":79}},"locations":[{"start":{"line":25,"column":58},"end":{"line":25,"column":79}}]},"12":{"type":"branch","line":25,"loc":{"start":{"line":25,"column":79},"end":{"line":25,"column":105}},"locations":[{"start":{"line":25,"column":79},"end":{"line":25,"column":105}}]},"13":{"type":"branch","line":25,"loc":{"start":{"line":25,"column":105},"end":{"line":25,"column":128}},"locations":[{"start":{"line":25,"column":105},"end":{"line":25,"column":128}}]},"14":{"type":"branch","line":25,"loc":{"start":{"line":25,"column":128},"end":{"line":25,"column":152}},"locations":[{"start":{"line":25,"column":128},"end":{"line":25,"column":152}}]},"15":{"type":"branch","line":25,"loc":{"start":{"line":25,"column":152},"end":{"line":25,"column":175}},"locations":[{"start":{"line":25,"column":152},"end":{"line":25,"column":175}}]},"16":{"type":"branch","line":25,"loc":{"start":{"line":25,"column":175},"end":{"line":25,"column":198}},"locations":[{"start":{"line":25,"column":175},"end":{"line":25,"column":198}}]},"17":{"type":"branch","line":25,"loc":{"start":{"line":25,"column":199},"end":{"line":27,"column":13}},"locations":[{"start":{"line":25,"column":199},"end":{"line":27,"column":13}}]},"18":{"type":"branch","line":27,"loc":{"start":{"line":27,"column":12},"end":{"line":30,"column":38}},"locations":[{"start":{"line":27,"column":12},"end":{"line":30,"column":38}}]},"19":{"type":"branch","line":30,"loc":{"start":{"line":30,"column":38},"end":{"line":32,"column":13}},"locations":[{"start":{"line":30,"column":38},"end":{"line":32,"column":13}}]},"20":{"type":"branch","line":32,"loc":{"start":{"line":32,"column":12},"end":{"line":32,"column":35}},"locations":[{"start":{"line":32,"column":12},"end":{"line":32,"column":35}}]},"21":{"type":"branch","line":32,"loc":{"start":{"line":32,"column":35},"end":{"line":34,"column":13}},"locations":[{"start":{"line":32,"column":35},"end":{"line":34,"column":13}}]},"22":{"type":"branch","line":34,"loc":{"start":{"line":34,"column":12},"end":{"line":34,"column":37}},"locations":[{"start":{"line":34,"column":12},"end":{"line":34,"column":37}}]},"23":{"type":"branch","line":34,"loc":{"start":{"line":34,"column":37},"end":{"line":36,"column":13}},"locations":[{"start":{"line":34,"column":37},"end":{"line":36,"column":13}}]},"24":{"type":"branch","line":36,"loc":{"start":{"line":36,"column":12},"end":{"line":36,"column":40}},"locations":[{"start":{"line":36,"column":12},"end":{"line":36,"column":40}}]},"25":{"type":"branch","line":36,"loc":{"start":{"line":36,"column":40},"end":{"line":38,"column":13}},"locations":[{"start":{"line":36,"column":40},"end":{"line":38,"column":13}}]},"26":{"type":"branch","line":40,"loc":{"start":{"line":40,"column":8},"end":{"line":41,"column":28}},"locations":[{"start":{"line":40,"column":8},"end":{"line":41,"column":28}}]},"27":{"type":"branch","line":41,"loc":{"start":{"line":41,"column":24},"end":{"line":41,"column":33}},"locations":[{"start":{"line":41,"column":24},"end":{"line":41,"column":33}}]},"28":{"type":"branch","line":41,"loc":{"start":{"line":41,"column":34},"end":{"line":43,"column":9}},"locations":[{"start":{"line":41,"column":34},"end":{"line":43,"column":9}}]},"29":{"type":"branch","line":43,"loc":{"start":{"line":43,"column":8},"end":{"line":44,"column":26}},"locations":[{"start":{"line":43,"column":8},"end":{"line":44,"column":26}}]},"30":{"type":"branch","line":44,"loc":{"start":{"line":44,"column":22},"end":{"line":44,"column":36}},"locations":[{"start":{"line":44,"column":22},"end":{"line":44,"column":36}}]},"31":{"type":"branch","line":44,"loc":{"start":{"line":44,"column":37},"end":{"line":46,"column":9}},"locations":[{"start":{"line":44,"column":37},"end":{"line":46,"column":9}}]},"32":{"type":"branch","line":46,"loc":{"start":{"line":46,"column":8},"end":{"line":48,"column":43}},"locations":[{"start":{"line":46,"column":8},"end":{"line":48,"column":43}}]},"33":{"type":"branch","line":48,"loc":{"start":{"line":48,"column":43},"end":{"line":50,"column":9}},"locations":[{"start":{"line":48,"column":43},"end":{"line":50,"column":9}}]},"34":{"type":"branch","line":50,"loc":{"start":{"line":50,"column":8},"end":{"line":51,"column":42}},"locations":[{"start":{"line":50,"column":8},"end":{"line":51,"column":42}}]},"35":{"type":"branch","line":51,"loc":{"start":{"line":51,"column":42},"end":{"line":53,"column":9}},"locations":[{"start":{"line":51,"column":42},"end":{"line":53,"column":9}}]},"36":{"type":"branch","line":53,"loc":{"start":{"line":53,"column":8},"end":{"line":59,"column":5}},"locations":[{"start":{"line":53,"column":8},"end":{"line":59,"column":5}}]},"37":{"type":"branch","line":61,"loc":{"start":{"line":61,"column":4},"end":{"line":80,"column":5}},"locations":[{"start":{"line":61,"column":4},"end":{"line":80,"column":5}}]},"38":{"type":"branch","line":63,"loc":{"start":{"line":63,"column":12},"end":{"line":64,"column":38}},"locations":[{"start":{"line":63,"column":12},"end":{"line":64,"column":38}}]},"39":{"type":"branch","line":65,"loc":{"start":{"line":65,"column":12},"end":{"line":66,"column":40}},"locations":[{"start":{"line":65,"column":12},"end":{"line":66,"column":40}}]},"40":{"type":"branch","line":67,"loc":{"start":{"line":67,"column":12},"end":{"line":68,"column":40}},"locations":[{"start":{"line":67,"column":12},"end":{"line":68,"column":40}}]},"41":{"type":"branch","line":69,"loc":{"start":{"line":69,"column":12},"end":{"line":70,"column":40}},"locations":[{"start":{"line":69,"column":12},"end":{"line":70,"column":40}}]},"42":{"type":"branch","line":71,"loc":{"start":{"line":71,"column":12},"end":{"line":72,"column":38}},"locations":[{"start":{"line":71,"column":12},"end":{"line":72,"column":38}}]},"43":{"type":"branch","line":73,"loc":{"start":{"line":73,"column":12},"end":{"line":74,"column":41}},"locations":[{"start":{"line":73,"column":12},"end":{"line":74,"column":41}}]},"44":{"type":"branch","line":75,"loc":{"start":{"line":75,"column":12},"end":{"line":76,"column":40}},"locations":[{"start":{"line":75,"column":12},"end":{"line":76,"column":40}}]},"45":{"type":"branch","line":77,"loc":{"start":{"line":77,"column":12},"end":{"line":78,"column":40}},"locations":[{"start":{"line":77,"column":12},"end":{"line":78,"column":40}}]}},"b":{"0":[19],"1":[3],"2":[16],"3":[12],"4":[7],"5":[1],"6":[15],"7":[27],"8":[1],"9":[26],"10":[17],"11":[15],"12":[15],"13":[9],"14":[2],"15":[2],"16":[2],"17":[2],"18":[24],"19":[2],"20":[24],"21":[9],"22":[24],"23":[7],"24":[24],"25":[6],"26":[12],"27":[2],"28":[2],"29":[10],"30":[7],"31":[2],"32":[8],"33":[2],"34":[8],"35":[3],"36":[8],"37":[24],"38":[9],"39":[2],"40":[0],"41":[6],"42":[7],"43":[0],"44":[0],"45":[0]},"fnMap":{"0":{"name":"calcularValorDaCompra","decl":{"start":{"line":5,"column":4},"end":{"line":59,"column":5}},"loc":{"start":{"line":5,"column":4},"end":{"line":59,"column":5}},"line":5},"1":{"name":"CalculaItens","decl":{"start":{"line":61,"column":4},"end":{"line":80,"column":5}},"loc":{"start":{"line":61,"column":4},"end":{"line":80,"column":5}},"line":61}},"f":{"0":19,"1":24}}
}
