TN:
SF:src\caixa-da-lanchonete.js
FN:5,calcularValorDaCompra
FN:61,CalculaItens
FNF:2
FNH:2
FNDA:19,calcularValorDaCompra
FNDA:24,CalculaItens
DA:1,1
DA:2,1
DA:3,1
DA:4,1
DA:5,1
DA:6,19
DA:7,19
DA:8,19
DA:9,19
DA:10,19
DA:11,19
DA:12,3
DA:13,3
DA:14,19
DA:15,1
DA:16,1
DA:17,19
DA:18,27
DA:19,27
DA:20,27
DA:21,27
DA:22,27
DA:23,1
DA:24,1
DA:25,27
DA:26,2
DA:27,2
DA:28,24
DA:29,24
DA:30,27
DA:31,2
DA:32,27
DA:33,9
DA:34,27
DA:35,7
DA:36,27
DA:37,6
DA:38,6
DA:39,27
DA:40,27
DA:41,19
DA:42,2
DA:43,2
DA:44,19
DA:45,2
DA:46,2
DA:47,8
DA:48,19
DA:49,2
DA:50,2
DA:51,19
DA:52,3
DA:53,3
DA:54,8
DA:55,8
DA:56,8
DA:57,8
DA:58,8
DA:59,8
DA:60,1
DA:61,1
DA:62,24
DA:63,24
DA:64,9
DA:65,24
DA:66,2
DA:67,24
DA:68,0
DA:69,24
DA:70,6
DA:71,24
DA:72,7
DA:73,24
DA:74,0
DA:75,24
DA:76,0
DA:77,24
DA:78,0
DA:79,24
DA:80,24
DA:81,1
DA:82,1
DA:83,1
DA:84,1
DA:85,1
LF:85
LH:81
BRDA:5,0,0,19
BRDA:11,1,0,3
BRDA:13,2,0,16
BRDA:14,3,0,12
BRDA:14,4,0,7
BRDA:14,5,0,1
BRDA:16,6,0,15
BRDA:17,7,0,27
BRDA:22,8,0,1
BRDA:24,9,0,26
BRDA:25,10,0,17
BRDA:25,11,0,15
BRDA:25,12,0,15
BRDA:25,13,0,9
BRDA:25,14,0,2
BRDA:25,15,0,2
BRDA:25,16,0,2
BRDA:25,17,0,2
BRDA:27,18,0,24
BRDA:30,19,0,2
BRDA:32,20,0,24
BRDA:32,21,0,9
BRDA:34,22,0,24
BRDA:34,23,0,7
BRDA:36,24,0,24
BRDA:36,25,0,6
BRDA:40,26,0,12
BRDA:41,27,0,2
BRDA:41,28,0,2
BRDA:43,29,0,10
BRDA:44,30,0,7
BRDA:44,31,0,2
BRDA:46,32,0,8
BRDA:48,33,0,2
BRDA:50,34,0,8
BRDA:51,35,0,3
BRDA:53,36,0,8
BRDA:61,37,0,24
BRDA:63,38,0,9
BRDA:65,39,0,2
BRDA:67,40,0,0
BRDA:69,41,0,6
BRDA:71,42,0,7
BRDA:73,43,0,0
BRDA:75,44,0,0
BRDA:77,45,0,0
BRF:46
BRH:42
end_of_record
